<?xml version="1.0" encoding="UTF-8"?>
<!-- Generated by org.testng.reporters.JUnitXMLReporter -->
<testsuite hostname="DESKTOP-IQPMSO7" ignored="0" name="Test" tests="6" failures="1" timestamp="28 Feb 2020 01:11:54 GMT" time="53.102" errors="0">
  <testcase name="createUserApiTest" time="32.931" classname="com.qa.test.PostUserApiTest"/>
  <testcase name="createUserApiTest" time="0.659" classname="com.qa.test.PostUserApiTest"/>
  <testcase name="updateUserApiTest" time="6.768" classname="com.qa.test.DeleteUserApiTest"/>
  <testcase name="updateUserApiTest" time="1.185" classname="com.qa.test.PutUserApiTest"/>
  <testcase name="getUserApiPageCountTest" time="0.121" classname="com.qa.test.GetUserApiTest">
    <failure type="java.lang.AssertionError" message="expected [84] but found [101]">
      <![CDATA[java.lang.AssertionError: expected [84] but found [101]
at com.qa.test.GetUserApiTest.getUserApiPageCountTest(GetUserApiTest.java:54)
... Removed 31 stack frames]]>
    </failure>
  </testcase> <!-- getUserApiPageCountTest -->
  <testcase name="getUserApiStatusCodeTest" time="0.153" classname="com.qa.test.GetUserApiTest"/>
</testsuite> <!-- Test -->
