<?xml version="1.0" encoding="UTF-8"?>
<testng-results ignored="0" total="2" passed="2" failed="0" skipped="0">
  <reporter-output>
  </reporter-output>
  <suite started-at="2019-10-07T18:30:24 IST" name="Default suite" finished-at="2019-10-07T18:30:30 IST" duration-ms="6533">
    <groups>
    </groups>
    <test started-at="2019-10-07T18:30:24 IST" name="Default test" finished-at="2019-10-07T18:30:30 IST" duration-ms="6533">
      <class name="com.qa.test.PostUserApiTest">
        <test-method is-config="true" signature="setUp()[pri:0, instance:com.qa.test.PostUserApiTest@60dcc9fe]" started-at="2019-10-07T18:30:24 IST" name="setUp" finished-at="2019-10-07T18:30:24 IST" duration-ms="4" status="PASS">
          <reporter-output>
          </reporter-output>
        </test-method> <!-- setUp -->
        <test-method signature="createUserApiTest(java.lang.String, java.lang.String, java.lang.String, java.lang.String, java.lang.String)[pri:0, instance:com.qa.test.PostUserApiTest@60dcc9fe]" started-at="2019-10-07T18:30:24 IST" name="createUserApiTest" data-provider="getData" finished-at="2019-10-07T18:30:29 IST" duration-ms="4461" status="PASS">
          <params>
            <param index="0">
              <value>
                <![CDATA[Tom]]>
              </value>
            </param>
            <param index="1">
              <value>
                <![CDATA[Hanks]]>
              </value>
            </param>
            <param index="2">
              <value>
                <![CDATA[male]]>
              </value>
            </param>
            <param index="3">
              <value>
                <![CDATA[tomhanks@zmail.com]]>
              </value>
            </param>
            <param index="4">
              <value>
                <![CDATA[active]]>
              </value>
            </param>
          </params>
          <reporter-output>
          </reporter-output>
        </test-method> <!-- createUserApiTest -->
        <test-method is-config="true" signature="setUp()[pri:0, instance:com.qa.test.PostUserApiTest@60dcc9fe]" started-at="2019-10-07T18:30:29 IST" name="setUp" finished-at="2019-10-07T18:30:29 IST" duration-ms="1" status="PASS">
          <reporter-output>
          </reporter-output>
        </test-method> <!-- setUp -->
        <test-method signature="createUserApiTest(java.lang.String, java.lang.String, java.lang.String, java.lang.String, java.lang.String)[pri:0, instance:com.qa.test.PostUserApiTest@60dcc9fe]" started-at="2019-10-07T18:30:29 IST" name="createUserApiTest" data-provider="getData" finished-at="2019-10-07T18:30:30 IST" duration-ms="1169" status="PASS">
          <params>
            <param index="0">
              <value>
                <![CDATA[john]]>
              </value>
            </param>
            <param index="1">
              <value>
                <![CDATA[swan]]>
              </value>
            </param>
            <param index="2">
              <value>
                <![CDATA[male]]>
              </value>
            </param>
            <param index="3">
              <value>
                <![CDATA[johnswam@zmail.com]]>
              </value>
            </param>
            <param index="4">
              <value>
                <![CDATA[inactive]]>
              </value>
            </param>
          </params>
          <reporter-output>
          </reporter-output>
        </test-method> <!-- createUserApiTest -->
      </class> <!-- com.qa.test.PostUserApiTest -->
    </test> <!-- Default test -->
  </suite> <!-- Default suite -->
</testng-results>
