<?xml version="1.0" encoding="UTF-8"?>
<testng-results ignored="0" total="2" passed="2" failed="0" skipped="0">
  <reporter-output>
  </reporter-output>
  <suite started-at="2019-12-12T06:34:41 IST" name="Default suite" finished-at="2019-12-12T06:34:49 IST" duration-ms="7908">
    <groups>
    </groups>
    <test started-at="2019-12-12T06:34:41 IST" name="Default test" finished-at="2019-12-12T06:34:49 IST" duration-ms="7908">
      <class name="com.qa.test.OAuthTwo">
        <test-method is-config="true" signature="setUp()[pri:0, instance:com.qa.test.OAuthTwo@3e84448c]" started-at="2019-12-12T06:34:42 IST" name="setUp" finished-at="2019-12-12T06:34:42 IST" duration-ms="12" status="PASS">
          <reporter-output>
          </reporter-output>
        </test-method> <!-- setUp -->
        <test-method signature="OAuthTwoGetTest()[pri:0, instance:com.qa.test.OAuthTwo@3e84448c]" started-at="2019-12-12T06:34:42 IST" name="OAuthTwoGetTest" finished-at="2019-12-12T06:34:48 IST" duration-ms="6156" status="PASS">
          <reporter-output>
          </reporter-output>
        </test-method> <!-- OAuthTwoGetTest -->
        <test-method signature="OAuthTwoPostUnlockBarnTest()[pri:0, instance:com.qa.test.OAuthTwo@3e84448c]" started-at="2019-12-12T06:34:48 IST" name="OAuthTwoPostUnlockBarnTest" finished-at="2019-12-12T06:34:49 IST" duration-ms="1671" status="PASS">
          <reporter-output>
          </reporter-output>
        </test-method> <!-- OAuthTwoPostUnlockBarnTest -->
        <test-method is-config="true" signature="setUp()[pri:0, instance:com.qa.test.OAuthTwo@3e84448c]" started-at="2019-12-12T06:34:48 IST" name="setUp" finished-at="2019-12-12T06:34:48 IST" duration-ms="0" status="PASS">
          <reporter-output>
          </reporter-output>
        </test-method> <!-- setUp -->
      </class> <!-- com.qa.test.OAuthTwo -->
    </test> <!-- Default test -->
  </suite> <!-- Default suite -->
</testng-results>
