<?xml version="1.0" encoding="UTF-8"?>
<testng-results ignored="0" total="1" passed="1" failed="0" skipped="0">
  <reporter-output>
  </reporter-output>
  <suite started-at="2019-10-07T22:13:17 IST" name="Default suite" finished-at="2019-10-07T22:13:21 IST" duration-ms="4128">
    <groups>
    </groups>
    <test started-at="2019-10-07T22:13:17 IST" name="Default test" finished-at="2019-10-07T22:13:21 IST" duration-ms="4128">
      <class name="com.qa.test.DeleteUserApiTest">
        <test-method is-config="true" signature="setUp()[pri:0, instance:com.qa.test.DeleteUserApiTest@ec756bd]" started-at="2019-10-07T22:13:17 IST" name="setUp" finished-at="2019-10-07T22:13:17 IST" duration-ms="7" status="PASS">
          <reporter-output>
          </reporter-output>
        </test-method> <!-- setUp -->
        <test-method signature="updateUserApiTest()[pri:0, instance:com.qa.test.DeleteUserApiTest@ec756bd]" started-at="2019-10-07T22:13:17 IST" name="updateUserApiTest" finished-at="2019-10-07T22:13:21 IST" duration-ms="4064" status="PASS">
          <reporter-output>
          </reporter-output>
        </test-method> <!-- updateUserApiTest -->
      </class> <!-- com.qa.test.DeleteUserApiTest -->
    </test> <!-- Default test -->
  </suite> <!-- Default suite -->
</testng-results>
