<?xml version="1.0" encoding="UTF-8"?>
<testng-results ignored="0" total="2" passed="2" failed="0" skipped="0">
  <reporter-output>
  </reporter-output>
  <suite started-at="2019-10-13T16:31:43 IST" name="Default suite" finished-at="2019-10-13T16:31:46 IST" duration-ms="3265">
    <groups>
    </groups>
    <test started-at="2019-10-13T16:31:43 IST" name="Default test" finished-at="2019-10-13T16:31:46 IST" duration-ms="3265">
      <class name="com.qa.test.OAuthTwo">
        <test-method is-config="true" signature="setUp()[pri:0, instance:com.qa.test.OAuthTwo@223f3642]" started-at="2019-10-13T16:31:43 IST" name="setUp" finished-at="2019-10-13T16:31:43 IST" duration-ms="5" status="PASS">
          <reporter-output>
          </reporter-output>
        </test-method> <!-- setUp -->
        <test-method signature="OAuthTwoGetTest()[pri:0, instance:com.qa.test.OAuthTwo@223f3642]" started-at="2019-10-13T16:31:43 IST" name="OAuthTwoGetTest" finished-at="2019-10-13T16:31:45 IST" duration-ms="2133" status="PASS">
          <reporter-output>
          </reporter-output>
        </test-method> <!-- OAuthTwoGetTest -->
        <test-method is-config="true" signature="setUp()[pri:0, instance:com.qa.test.OAuthTwo@223f3642]" started-at="2019-10-13T16:31:45 IST" name="setUp" finished-at="2019-10-13T16:31:45 IST" duration-ms="0" status="PASS">
          <reporter-output>
          </reporter-output>
        </test-method> <!-- setUp -->
        <test-method signature="OAuthTwoPostUnlockBarnTest()[pri:0, instance:com.qa.test.OAuthTwo@223f3642]" started-at="2019-10-13T16:31:45 IST" name="OAuthTwoPostUnlockBarnTest" finished-at="2019-10-13T16:31:46 IST" duration-ms="1076" status="PASS">
          <reporter-output>
          </reporter-output>
        </test-method> <!-- OAuthTwoPostUnlockBarnTest -->
      </class> <!-- com.qa.test.OAuthTwo -->
    </test> <!-- Default test -->
  </suite> <!-- Default suite -->
</testng-results>
